<?xml version="1.0" encoding="UTF-8"?>
<!-- Generated by org.testng.reporters.JUnitXMLReporter -->
<testsuite ignored="0" hostname="AE-LP-1516" failures="2" tests="23" name="emaalatha" time="20.743" errors="0" timestamp="2023-06-08T18:21:08 IST">
  <testcase classname="com.testcase.GoogleTest" name="googleTitleTest" time="0.014"/>
  <testcase classname="com.testcase.GoogleTest" name="googleLogoTest" time="0.038"/>
  <testcase classname="com.testcase.GoogleTest" name="mailLinks" time="0.032"/>
  <testcase classname="com.testcase.GoogleTest" name="nameCountry" time="0.032"/>
  <testcase classname="com.testcase.TestingFeatures" name="LoginTest" time="0.002">
    <failure type="java.lang.ArithmeticException" message="/ by zero">
      <![CDATA[java.lang.ArithmeticException: / by zero
at com.testcase.TestingFeatures.LoginTest(TestingFeatures.java:10)
at java.base/java.util.ArrayList.forEach(ArrayList.java:1511)
... Removed 25 stack frames]]>
    </failure>
  </testcase> <!-- LoginTest -->
  <testcase classname="com.testcase.TestingFeatures" name="HomePageTest" time="0.0">
    <skipped/>
  </testcase> <!-- HomePageTest -->
  <testcase classname="com.testcase.TestingFeatures" name="registerPageTest" time="0.0">
    <skipped/>
  </testcase> <!-- registerPageTest -->
  <testcase classname="com.testcase.TestingFeatures" name="searchPageTest" time="0.0">
    <skipped/>
  </testcase> <!-- searchPageTest -->
  <testcase classname="com.testcase.testngbasics" name="googleTitleTest" time="0.0"/>
  <testcase classname="com.testcase.testngbasics" name="searchTitle" time="0.001"/>
  <testcase classname="Testing.InvocationCountTest" name="sum" time="0.0"/>
  <testcase classname="Testing.InvocationCountTest" name="sum" time="0.001"/>
  <testcase classname="Testing.InvocationCountTest" name="sum" time="0.001"/>
  <testcase classname="Testing.InvocationCountTest" name="sum" time="0.0"/>
  <testcase classname="Testing.InvocationCountTest" name="sum" time="0.0"/>
  <testcase classname="Testing.InvocationCountTest" name="sum" time="0.0"/>
  <testcase classname="Testing.InvocationCountTest" name="sum" time="0.0"/>
  <testcase classname="Testing.InvocationCountTest" name="sum" time="0.001"/>
  <testcase classname="Testing.InvocationCountTest" name="sum" time="0.0"/>
  <testcase classname="Testing.InvocationCountTest" name="sum" time="0.001"/>
  <testcase classname="Testing.GoogleTitleTest" name="googleTitleTest" time="0.015"/>
  <testcase classname="Testing.GoogleTitleTest" name="mailLinks" time="0.121">
    <failure type="java.lang.AssertionError" message="expected [false] but found [true]">
      <![CDATA[java.lang.AssertionError: expected [false] but found [true]
at Testing.GoogleTitleTest.mailLinks(GoogleTitleTest.java:35)
at java.base/java.util.ArrayList.forEach(ArrayList.java:1511)
... Removed 29 stack frames]]>
    </failure>
  </testcase> <!-- mailLinks -->
  <testcase classname="Testing.ExceptionTimeOutTest" name="test" time="0.002"/>
</testsuite> <!-- emaalatha -->
